IQ-TREE multicore version 2.2.0 COVID-edition for Linux 64-bit built Jun  1 2022
Developed by Bui Quang Minh, James Barbetti, Nguyen Lam Tung,
Olga Chernomor, Heiko Schmidt, Dominik Schrempf, Michael Woodhams, Ly Trong Nhan.

Host:    bioinfmsc8.bio.ed.ac.uk (AVX2, FMA3, 1007 GB RAM)
Command: /localdisk/home/ubuntu-software/iqtree-2.2.0-Linux/bin/iqtree -B 1000 -s /home/s2667265/public_html/userdata/user1234/iqtreec98a5377/glucose_6_phosphatase_Aves.fasta.aln --prefix glucose_6_phosphatase_Aves.fasta
Seed:    230746 (Using SPRNG - Scalable Parallel Random Number Generator)
Time:    Sun Mar 23 04:14:34 2025
Kernel:  AVX+FMA - 1 threads (256 CPU cores detected)

HINT: Use -nt option to specify number of threads because your CPU has 256 cores!
HINT: -nt AUTO will automatically determine the best number of threads to use.

Reading alignment file /home/s2667265/public_html/userdata/user1234/iqtreec98a5377/glucose_6_phosphatase_Aves.fasta.aln ... Clustal format detected
Alignment most likely contains protein sequences
Constructing alignment: done in 0.000709428 secs using 99.52% CPU
Alignment has 20 sequences with 444 columns, 171 distinct patterns
85 parsimony-informative, 39 singleton sites, 320 constant sites
                Gap/Ambiguity  Composition  p-value
Analyzing sequences: done in 1.39344e-05 secs using 86.12% CPU
   1  KAJ7421106.1     19.37%    passed    100.00%
   2  KAJ7396366.1     19.37%    passed    100.00%
   3  KAI6072612.1     19.37%    passed    100.00%
   4  KAI1230272.1     16.67%    passed    100.00%
   5  XP_040473657.1   19.37%    passed    100.00%
   6  XP_040392851.1   19.37%    passed    100.00%
   7  XP_039553177.1   19.37%    passed    100.00%
   8  XP_010411101.1   19.37%    passed    100.00%
   9  XP_027601652.2   19.37%    passed    100.00%
  10  XP_038019160.1   19.37%    passed    100.00%
  11  XP_027301312.1   19.37%    passed    100.00%
  12  XP_037266979.1   19.37%    passed    100.00%
  13  KAF4787459.1     19.37%    passed    100.00%
  14  XP_015506695.1   19.37%    passed    100.00%
  15  XP_030364364.1   19.37%    passed     99.98%
  16  XP_032566992.1   19.37%    passed    100.00%
  17  XP_015741500.1    2.70%    passed     99.91%
  18  KAF1671963.1     19.37%    passed    100.00%
  19  KAF1663616.1     19.37%    passed    100.00%
  20  KAF1642821.1     19.37%    passed    100.00%
****  TOTAL            18.40%  0 sequences failed composition chi2 test (p-value<5%; df=19)
Checking for duplicate sequences: done in 6.72154e-05 secs using 98.19% CPU


Create initial parsimony tree by phylogenetic likelihood library (PLL)... 0.001 seconds
Perform fast likelihood tree search using LG+I+G model...
Estimate model parameters (epsilon = 5.000)
Perform nearest neighbor interchange...
Optimizing NNI: done in 0.0517779 secs using 99.96% CPU
Estimate model parameters (epsilon = 1.000)
1. Initial log-likelihood: -2974.282
Optimal log-likelihood: -2974.275
Proportion of invariable sites: 0.353
Gamma shape alpha: 0.962
Parameters optimization took 1 rounds (0.030 sec)
Time for fast ML tree search: 0.175 seconds

NOTE: ModelFinder requires 6 MB RAM!
ModelFinder will test up to 1232 protein models (sample size: 444) ...
 No. Model         -LnL         df  AIC          AICc         BIC
  1  LG            3042.083     37  6158.166     6165.092     6309.711
  2  LG+I          2983.563     38  6043.126     6050.445     6198.768
  3  LG+G4         2974.704     38  6025.407     6032.726     6181.049
  4  LG+I+G4       2974.271     39  6026.542     6034.265     6186.279
  5  LG+R2         2974.480     39  6026.960     6034.683     6186.698
  6  LG+R3         2974.390     41  6030.781     6039.348     6198.710
 14  LG+I+I+R2     2973.434     40  6026.868     6035.007     6190.701
 15  LG+I+I+R3     2973.387     42  6030.774     6039.782     6202.799
 25  LG+F+G4       2933.078     57  5980.157     5997.286     6213.619
 26  LG+F+I+G4     2932.505     58  5981.009     5998.786     6218.567
 27  LG+F+R2       2933.065     58  5982.129     5999.906     6219.687
 36  LG+F+I+I+R2   2931.848     59  5981.696     6000.133     6223.349
 47  WAG+G4        2970.091     38  6016.181     6023.500     6171.823
 48  WAG+I+G4      2969.559     39  6017.118     6024.841     6176.855
 49  WAG+R2        2969.773     39  6017.545     6025.268     6177.282
 58  WAG+I+I+R2    2968.348     40  6016.696     6024.835     6180.529
 69  WAG+F+G4      2928.946     57  5971.891     5989.021     6205.353
 70  WAG+F+I+G4    2928.368     58  5972.736     5990.512     6210.294
 71  WAG+F+R2      2928.687     58  5973.374     5991.151     6210.932
 80  WAG+F+I+I+R2  2927.592     59  5973.183     5991.621     6214.837
 91  JTT+G4        2929.391     38  5934.781     5942.100     6090.423
 92  JTT+I+G4      2928.950     39  5935.901     5943.623     6095.638
 93  JTT+R2        2929.546     39  5937.092     5944.814     6096.829
102  JTT+I+I+R2    2928.300     40  5936.600     5944.739     6100.433
113  JTT+F+G4      2891.672     57  5897.343     5914.473     6130.805
114  JTT+F+I+G4    2891.240     58  5898.479     5916.256     6136.037
115  JTT+F+R2      2891.820     58  5899.639     5917.416     6137.197
124  JTT+F+I+I+R2  2890.782     59  5899.563     5918.001     6141.217
WARNING: Normalizing state frequencies so that sum of them equals to 1
135  Q.pfam+G4     2967.377     38  6010.753     6018.072     6166.395
WARNING: Normalizing state frequencies so that sum of them equals to 1
136  Q.pfam+I+G4   2966.995     39  6011.991     6019.713     6171.728
WARNING: Normalizing state frequencies so that sum of them equals to 1
137  Q.pfam+R2     2966.899     39  6011.799     6019.522     6171.536
WARNING: Normalizing state frequencies so that sum of them equals to 1
146  Q.pfam+I+I+R2 2965.969     40  6011.938     6020.077     6175.771
WARNING: Normalizing state frequencies so that sum of them equals to 1
157  Q.pfam+F+G4   2930.676     57  5975.352     5992.481     6208.814
WARNING: Normalizing state frequencies so that sum of them equals to 1
158  Q.pfam+F+I+G4 2930.209     58  5976.418     5994.194     6213.976
WARNING: Normalizing state frequencies so that sum of them equals to 1
159  Q.pfam+F+R2   2930.305     58  5976.610     5994.386     6214.168
WARNING: Normalizing state frequencies so that sum of them equals to 1
168  Q.pfam+F+I+I+R2 2929.297     59  5976.594     5995.032     6218.248
WARNING: Normalizing state frequencies so that sum of them equals to 1
179  Q.bird+G4     2902.415     38  5880.829     5888.148     6036.470
WARNING: Normalizing state frequencies so that sum of them equals to 1
180  Q.bird+I+G4   2901.808     39  5881.616     5889.339     6041.353
WARNING: Normalizing state frequencies so that sum of them equals to 1
181  Q.bird+R2     2902.892     39  5883.784     5891.507     6043.521
WARNING: Normalizing state frequencies so that sum of them equals to 1
190  Q.bird+I+I+R2 2901.061     40  5882.122     5890.261     6045.955
WARNING: Normalizing state frequencies so that sum of them equals to 1
201  Q.bird+F+G4   2865.814     57  5845.628     5862.758     6079.090
WARNING: Normalizing state frequencies so that sum of them equals to 1
202  Q.bird+F+I+G4 2865.331     58  5846.663     5864.440     6084.221
WARNING: Normalizing state frequencies so that sum of them equals to 1
203  Q.bird+F+R2   2866.116     58  5848.232     5866.008     6085.790
WARNING: Normalizing state frequencies so that sum of them equals to 1
212  Q.bird+F+I+I+R2 2864.704     59  5847.408     5865.845     6089.062
WARNING: Normalizing state frequencies so that sum of them equals to 1
223  Q.mammal+G4   2910.510     38  5897.021     5904.339     6052.662
WARNING: Normalizing state frequencies so that sum of them equals to 1
224  Q.mammal+I+G4 2909.982     39  5897.965     5905.687     6057.702
WARNING: Normalizing state frequencies so that sum of them equals to 1
225  Q.mammal+R2   2910.793     39  5899.586     5907.309     6059.323
WARNING: Normalizing state frequencies so that sum of them equals to 1
234  Q.mammal+I+I+R2 2909.279     40  5898.559     5906.698     6062.392
WARNING: Normalizing state frequencies so that sum of them equals to 1
245  Q.mammal+F+G4 2872.954     57  5859.908     5877.038     6093.370
WARNING: Normalizing state frequencies so that sum of them equals to 1
246  Q.mammal+F+I+G4 2872.573     58  5861.146     5878.922     6098.703
WARNING: Normalizing state frequencies so that sum of them equals to 1
247  Q.mammal+F+R2 2873.015     58  5862.031     5879.808     6099.589
WARNING: Normalizing state frequencies so that sum of them equals to 1
256  Q.mammal+F+I+I+R2 2871.930     59  5861.861     5880.298     6103.514
267  Q.insect+G4   2981.321     38  6038.643     6045.961     6194.284
268  Q.insect+I+G4 2980.882     39  6039.764     6047.487     6199.501
269  Q.insect+R2   2981.241     39  6040.483     6048.205     6200.220
278  Q.insect+I+I+R2 2980.148     40  6040.297     6048.436     6204.130
289  Q.insect+F+G4 2923.125     57  5960.249     5977.379     6193.711
290  Q.insect+F+I+G4 2922.502     58  5961.005     5978.781     6198.563
291  Q.insect+F+R2 2923.225     58  5962.450     5980.227     6200.008
300  Q.insect+F+I+I+R2 2921.892     59  5961.783     5980.221     6203.437
WARNING: Normalizing state frequencies so that sum of them equals to 1
311  Q.plant+G4    2932.631     38  5941.262     5948.580     6096.903
WARNING: Normalizing state frequencies so that sum of them equals to 1
312  Q.plant+I+G4  2932.079     39  5942.158     5949.881     6101.896
WARNING: Normalizing state frequencies so that sum of them equals to 1
313  Q.plant+R2    2932.879     39  5943.759     5951.481     6103.496
WARNING: Normalizing state frequencies so that sum of them equals to 1
322  Q.plant+I+I+R2 2931.413     40  5942.826     5950.965     6106.659
WARNING: Normalizing state frequencies so that sum of them equals to 1
333  Q.plant+F+G4  2888.282     57  5890.565     5907.694     6124.027
WARNING: Normalizing state frequencies so that sum of them equals to 1
334  Q.plant+F+I+G4 2887.677     58  5891.355     5909.131     6128.913
WARNING: Normalizing state frequencies so that sum of them equals to 1
335  Q.plant+F+R2  2888.566     58  5893.132     5910.909     6130.690
WARNING: Normalizing state frequencies so that sum of them equals to 1
344  Q.plant+F+I+I+R2 2887.228     59  5892.456     5910.893     6134.109
WARNING: Normalizing state frequencies so that sum of them equals to 1
355  Q.yeast+G4    3003.553     38  6083.105     6090.424     6238.747
WARNING: Normalizing state frequencies so that sum of them equals to 1
356  Q.yeast+I+G4  3003.204     39  6084.409     6092.131     6244.146
WARNING: Normalizing state frequencies so that sum of them equals to 1
357  Q.yeast+R2    3003.386     39  6084.771     6092.494     6244.509
WARNING: Normalizing state frequencies so that sum of them equals to 1
366  Q.yeast+I+I+R2 3002.262     40  6084.525     6092.664     6248.358
WARNING: Normalizing state frequencies so that sum of them equals to 1
377  Q.yeast+F+G4  2933.237     57  5980.473     5997.603     6213.935
WARNING: Normalizing state frequencies so that sum of them equals to 1
378  Q.yeast+F+I+G4 2932.589     58  5981.178     5998.955     6218.736
WARNING: Normalizing state frequencies so that sum of them equals to 1
379  Q.yeast+F+R2  2933.081     58  5982.162     5999.939     6219.720
WARNING: Normalizing state frequencies so that sum of them equals to 1
388  Q.yeast+F+I+I+R2 2931.626     59  5981.252     5999.689     6222.905
399  JTTDCMut+G4   2931.724     38  5939.448     5946.767     6095.090
400  JTTDCMut+I+G4 2931.260     39  5940.519     5948.242     6100.257
401  JTTDCMut+R2   2931.885     39  5941.771     5949.494     6101.508
410  JTTDCMut+I+I+R2 2930.604     40  5941.208     5949.347     6105.041
421  JTTDCMut+F+G4 2893.822     57  5901.644     5918.774     6135.106
422  JTTDCMut+F+I+G4 2893.372     58  5902.744     5920.521     6140.302
423  JTTDCMut+F+R2 2893.981     58  5903.961     5921.738     6141.519
432  JTTDCMut+F+I+I+R2 2892.918     59  5903.835     5922.273     6145.489
443  DCMut+G4      2985.692     38  6047.385     6054.703     6203.026
444  DCMut+I+G4    2985.021     39  6048.043     6055.765     6207.780
445  DCMut+R2      2985.730     39  6049.459     6057.182     6209.197
454  DCMut+I+I+R2  2983.457     40  6046.913     6055.052     6210.746
465  DCMut+F+G4    2939.310     57  5992.620     6009.749     6226.082
466  DCMut+F+I+G4  2938.553     58  5993.106     6010.883     6230.664
467  DCMut+F+R2    2939.096     58  5994.191     6011.968     6231.749
476  DCMut+F+I+I+R2 2937.248     59  5992.497     6010.934     6234.150
487  VT+G4         2968.677     38  6013.354     6020.673     6168.996
488  VT+I+G4       2968.152     39  6014.304     6022.027     6174.041
489  VT+R2         2968.430     39  6014.861     6022.584     6174.598
498  VT+I+I+R2     2967.271     40  6014.542     6022.681     6178.375
509  VT+F+G4       2929.562     57  5973.123     5990.253     6206.585
510  VT+F+I+G4     2928.950     58  5973.900     5991.677     6211.458
511  VT+F+R2       2929.374     58  5974.748     5992.525     6212.306
520  VT+F+I+I+R2   2928.262     59  5974.525     5992.962     6216.179
531  PMB+G4        2985.469     38  6046.938     6054.257     6202.580
532  PMB+I+G4      2984.652     39  6047.304     6055.027     6207.041
533  PMB+R2        2984.884     39  6047.769     6055.492     6207.506
542  PMB+I+I+R2    2983.395     40  6046.789     6054.928     6210.622
553  PMB+F+G4      2965.800     57  6045.600     6062.729     6279.062
554  PMB+F+I+G4    2964.950     58  6045.900     6063.677     6283.458
555  PMB+F+R2      2965.414     58  6046.828     6064.605     6284.386
564  PMB+F+I+I+R2  2963.931     59  6045.861     6064.299     6287.515
575  Blosum62+G4   3005.314     38  6086.629     6093.947     6242.270
576  Blosum62+I+G4 3004.604     39  6087.208     6094.931     6246.946
577  Blosum62+R2   3004.713     39  6087.426     6095.149     6247.164
586  Blosum62+I+I+R2 3003.408     40  6086.816     6094.955     6250.649
597  Blosum62+F+G4 2973.360     57  6060.720     6077.850     6294.182
598  Blosum62+F+I+G4 2972.582     58  6061.165     6078.941     6298.722
599  Blosum62+F+R2 2972.974     58  6061.947     6079.724     6299.505
608  Blosum62+F+I+I+R2 2971.599     59  6061.199     6079.636     6302.852
619  Dayhoff+G4    2985.590     38  6047.180     6054.499     6202.821
620  Dayhoff+I+G4  2984.920     39  6047.840     6055.562     6207.577
621  Dayhoff+R2    2985.634     39  6049.268     6056.990     6209.005
630  Dayhoff+I+I+R2 2983.351     40  6046.702     6054.841     6210.535
641  Dayhoff+F+G4  2939.160     57  5992.320     6009.450     6225.782
642  Dayhoff+F+I+G4 2938.404     58  5992.808     6010.585     6230.366
643  Dayhoff+F+R2  2938.948     58  5993.895     6011.672     6231.453
652  Dayhoff+F+I+I+R2 2937.095     59  5992.190     6010.627     6233.843
663  mtREV+G4      3000.076     38  6076.152     6083.470     6231.793
664  mtREV+I+G4    2999.540     39  6077.080     6084.803     6236.817
665  mtREV+R2      3000.104     39  6078.207     6085.930     6237.944
674  mtREV+I+I+R2  2998.275     40  6076.549     6084.688     6240.382
685  mtREV+F+G4    2920.568     57  5955.137     5972.266     6188.599
686  mtREV+F+I+G4  2920.107     58  5956.214     5973.990     6193.771
687  mtREV+F+R2    2920.944     58  5957.887     5975.664     6195.445
696  mtREV+F+I+I+R2 2919.165     59  5956.331     5974.768     6197.985
707  mtART+G4      3100.444     38  6276.888     6284.207     6432.530
708  mtART+I+G4    3096.478     39  6270.956     6278.679     6430.693
709  mtART+R2      3101.440     39  6280.881     6288.604     6440.618
718  mtART+I+I+R2  3089.132     40  6258.263     6266.402     6422.096
729  mtART+F+G4    3009.118     57  6132.237     6149.366     6365.699
730  mtART+F+I+G4  3006.671     58  6129.342     6147.119     6366.900
731  mtART+F+R2    3010.186     58  6136.373     6154.149     6373.931
740  mtART+F+I+I+R2 3002.276     59  6122.552     6140.989     6364.205
751  mtZOA+G4      3004.297     38  6084.594     6091.913     6240.235
752  mtZOA+I+G4    3002.650     39  6083.301     6091.024     6243.038
753  mtZOA+R2      3004.175     39  6086.350     6094.073     6246.087
762  mtZOA+I+I+R2  3000.611     40  6081.222     6089.361     6245.055
773  mtZOA+F+G4    2946.067     57  6006.135     6023.264     6239.597
774  mtZOA+F+I+G4  2944.888     58  6005.776     6023.552     6243.334
775  mtZOA+F+R2    2946.221     58  6008.442     6026.219     6246.000
784  mtZOA+F+I+I+R2 2943.209     59  6004.417     6022.855     6246.071
795  mtMet+G4      2995.657     38  6067.314     6074.632     6222.955
796  mtMet+I+G4    2994.533     39  6067.066     6074.789     6226.803
797  mtMet+R2      2995.084     39  6068.167     6075.890     6227.904
806  mtMet+I+I+R2  2992.462     40  6064.923     6073.062     6228.756
817  mtMet+F+G4    2895.511     57  5905.021     5922.151     6138.483
818  mtMet+F+I+G4  2894.724     58  5905.448     5923.224     6143.006
819  mtMet+F+R2    2895.291     58  5906.582     5924.359     6144.140
828  mtMet+F+I+I+R2 2893.082     59  5904.163     5922.601     6145.817
839  mtVer+G4      2975.070     38  6026.140     6033.459     6181.782
840  mtVer+I+G4    2974.051     39  6026.101     6033.824     6185.838
841  mtVer+R2      2975.015     39  6028.030     6035.753     6187.767
850  mtVer+I+I+R2  2972.641     40  6025.282     6033.421     6189.115
861  mtVer+F+G4    2896.018     57  5906.037     5923.166     6139.499
862  mtVer+F+I+G4  2895.323     58  5906.647     5924.423     6144.205
863  mtVer+F+R2    2895.946     58  5907.891     5925.668     6145.449
872  mtVer+F+I+I+R2 2894.157     59  5906.313     5924.751     6147.967
883  mtInv+G4      3057.991     38  6191.982     6199.300     6347.623
884  mtInv+I+G4    3056.832     39  6191.664     6199.387     6351.401
885  mtInv+R2      3057.446     39  6192.893     6200.616     6352.630
894  mtInv+I+I+R2  3054.976     40  6189.951     6198.090     6353.784
905  mtInv+F+G4    2910.074     57  5934.148     5951.278     6167.610
906  mtInv+F+I+G4  2909.210     58  5934.419     5952.196     6171.977
907  mtInv+F+R2    2909.814     58  5935.629     5953.405     6173.186
916  mtInv+F+I+I+R2 2907.769     59  5933.538     5951.976     6175.192
927  mtMAM+G4      3016.549     38  6109.098     6116.417     6264.740
928  mtMAM+I+G4    3015.156     39  6108.313     6116.036     6268.050
929  mtMAM+R2      3019.357     39  6116.713     6124.436     6276.450
938  mtMAM+I+I+R2  3015.577     40  6111.153     6119.292     6274.986
949  mtMAM+F+G4    2937.550     57  5989.099     6006.229     6222.561
950  mtMAM+F+I+G4  2937.430     58  5990.860     6008.637     6228.418
951  mtMAM+F+R2    2939.695     58  5995.390     6013.166     6232.948
960  mtMAM+F+I+I+R2 2936.581     59  5991.162     6009.600     6232.816
WARNING: Normalizing state frequencies so that sum of them equals to 1
971  FLAVI+G4      2947.263     38  5970.527     5977.845     6126.168
WARNING: Normalizing state frequencies so that sum of them equals to 1
972  FLAVI+I+G4    2946.246     39  5970.492     5978.215     6130.229
WARNING: Normalizing state frequencies so that sum of them equals to 1
973  FLAVI+R2      2947.380     39  5972.760     5980.483     6132.498
WARNING: Normalizing state frequencies so that sum of them equals to 1
982  FLAVI+I+I+R2  2944.541     40  5969.082     5977.221     6132.915
WARNING: Normalizing state frequencies so that sum of them equals to 1
993  FLAVI+F+G4    2914.299     57  5942.598     5959.728     6176.060
WARNING: Normalizing state frequencies so that sum of them equals to 1
994  FLAVI+F+I+G4  2913.279     58  5942.557     5960.334     6180.115
WARNING: Normalizing state frequencies so that sum of them equals to 1
995  FLAVI+F+R2    2914.588     58  5945.177     5962.953     6182.734
WARNING: Normalizing state frequencies so that sum of them equals to 1
1004  FLAVI+F+I+I+R2 2912.425     59  5942.850     5961.287     6184.503
1015  HIVb+G4       2933.451     38  5942.902     5950.221     6098.543
1016  HIVb+I+G4     2932.582     39  5943.165     5950.888     6102.902
1017  HIVb+R2       2934.275     39  5946.550     5954.272     6106.287
1026  HIVb+I+I+R2   2932.081     40  5944.162     5952.301     6107.995
1037  HIVb+F+G4     2887.765     57  5889.530     5906.660     6122.992
1038  HIVb+F+I+G4   2886.748     58  5889.496     5907.272     6127.053
1039  HIVb+F+R2     2888.896     58  5893.793     5911.570     6131.351
1048  HIVb+F+I+I+R2 2886.499     59  5890.998     5909.436     6132.652
1059  HIVw+G4       3021.024     38  6118.048     6125.366     6273.689
1060  HIVw+I+G4     3019.837     39  6117.673     6125.396     6277.411
1061  HIVw+R2       3021.708     39  6121.416     6129.139     6281.153
1070  HIVw+I+I+R2   3018.452     40  6116.904     6125.043     6280.737
1081  HIVw+F+G4     2921.132     57  5956.264     5973.394     6189.726
1082  HIVw+F+I+G4   2919.989     58  5955.977     5973.754     6193.535
1083  HIVw+F+R2     2921.913     58  5959.825     5977.602     6197.383
1092  HIVw+F+I+I+R2 2919.538     59  5957.077     5975.514     6198.730
1103  FLU+G4        2988.643     38  6053.286     6060.604     6208.927
1104  FLU+I+G4      2987.723     39  6053.445     6061.168     6213.183
1105  FLU+R2        2987.748     39  6053.496     6061.219     6213.233
1114  FLU+I+I+R2    2985.108     40  6050.216     6058.355     6214.049
1125  FLU+F+G4      2914.927     57  5943.853     5960.983     6177.315
1126  FLU+F+I+G4    2914.056     58  5944.112     5961.888     6181.669
1127  FLU+F+R2      2913.951     58  5943.902     5961.679     6181.460
1136  FLU+F+I+I+R2  2912.277     59  5942.555     5960.992     6184.208
1147  rtREV+G4      3009.679     38  6095.358     6102.676     6250.999
1148  rtREV+I+G4    3009.269     39  6096.538     6104.261     6256.275
1149  rtREV+R2      3009.319     39  6096.637     6104.360     6256.374
1158  rtREV+I+I+R2  3008.335     40  6096.671     6104.810     6260.504
1169  rtREV+F+G4    2970.786     57  6055.572     6072.701     6289.034
1170  rtREV+F+I+G4  2970.084     58  6056.169     6073.945     6293.726
1171  rtREV+F+R2    2970.655     58  6057.311     6075.087     6294.869
1180  rtREV+F+I+I+R2 2969.195     59  6056.391     6074.828     6298.044
1191  cpREV+G4      2960.618     38  5997.236     6004.554     6152.877
1192  cpREV+I+G4    2959.771     39  5997.541     6005.264     6157.278
1193  cpREV+R2      2960.187     39  5998.373     6006.096     6158.111
1202  cpREV+I+I+R2  2957.936     40  5995.872     6004.011     6159.705
1213  cpREV+F+G4    2924.654     57  5963.307     5980.437     6196.769
1214  cpREV+F+I+G4  2923.643     58  5963.286     5981.063     6200.844
1215  cpREV+F+R2    2924.676     58  5965.353     5983.129     6202.910
1224  cpREV+F+I+I+R2 2922.407     59  5962.813     5981.251     6204.467
Akaike Information Criterion:           Q.bird+F+G4
Corrected Akaike Information Criterion: Q.bird+F+G4
Bayesian Information Criterion:         Q.bird+G4
Best-fit model: Q.bird+G4 chosen according to BIC

All model information printed to glucose_6_phosphatase_Aves.fasta.model.gz
CPU time for ModelFinder: 30.814 seconds (0h:0m:30s)
Wall-clock time for ModelFinder: 30.974 seconds (0h:0m:30s)
Generating 1000 samples for ultrafast bootstrap (seed: 230746)...
WARNING: Normalizing state frequencies so that sum of them equals to 1

NOTE: 3 MB RAM (0 GB) is required!
Estimate model parameters (epsilon = 0.100)
1. Initial log-likelihood: -2902.415
Optimal log-likelihood: -2902.415
Gamma shape alpha: 0.371
Parameters optimization took 1 rounds (0.025 sec)
Wrote distance file to... 
Computing ML distances based on estimated model parameters...
Calculating distance matrix: done in 0.0629291 secs using 99.77% CPU
Computing ML distances took 0.062978 sec (of wall-clock time) 0.062836 sec (of CPU time)
Setting up auxiliary I and S matrices: done in 0.000125566 secs using 97.16% CPU
Constructing RapidNJ tree: done in 0.000290904 secs using 109.3% CPU
Computing RapidNJ tree took 0.001068 sec (of wall-clock time) 0.000803 sec (of CPU time)
Log-likelihood of RapidNJ tree: -2910.403
--------------------------------------------------------------------
|             INITIALIZING CANDIDATE TREE SET                      |
--------------------------------------------------------------------
Generating 98 parsimony trees... 0.108 second
Computing log-likelihood of 98 initial trees ... 0.843 seconds
Current best score: -2901.702

Do NNI search on 20 best initial trees
Optimizing NNI: done in 0.0539845 secs using 99.75% CPU
Estimate model parameters (epsilon = 0.100)
BETTER TREE FOUND at iteration 1: -2900.724
Optimizing NNI: done in 0.0647748 secs using 93.8% CPU
Optimizing NNI: done in 0.0661338 secs using 99.95% CPU
Optimizing NNI: done in 0.0822955 secs using 95.09% CPU
Optimizing NNI: done in 0.0541026 secs using 99.95% CPU
Optimizing NNI: done in 0.0821642 secs using 99.95% CPU
Optimizing NNI: done in 0.0651081 secs using 99.95% CPU
Optimizing NNI: done in 0.0653437 secs using 99.95% CPU
Optimizing NNI: done in 0.0825155 secs using 99.96% CPU
Optimizing NNI: done in 0.061727 secs using 99.96% CPU
Iteration 10 / LogL: -2900.742 / Time: 0h:0m:1s
Optimizing NNI: done in 0.0826143 secs using 99.95% CPU
Optimizing NNI: done in 0.0735568 secs using 94.49% CPU
Optimizing NNI: done in 0.0541807 secs using 92.55% CPU
Optimizing NNI: done in 0.0903977 secs using 99.95% CPU
Optimizing NNI: done in 0.0901505 secs using 99.79% CPU
Optimizing NNI: done in 0.0540477 secs using 99.95% CPU
Optimizing NNI: done in 0.110098 secs using 99.94% CPU
Optimizing NNI: done in 0.076286 secs using 94.73% CPU
Optimizing NNI: done in 0.0934929 secs using 99.87% CPU
Optimizing NNI: done in 0.0964899 secs using 99.95% CPU
Iteration 20 / LogL: -2900.736 / Time: 0h:0m:2s
Finish initializing candidate tree set (4)
Current best tree score: -2900.724 / CPU time: 2.522
Number of iterations: 20
--------------------------------------------------------------------
|               OPTIMIZING CANDIDATE TREE SET                      |
--------------------------------------------------------------------
Optimizing NNI: done in 0.215294 secs using 99.93% CPU
Optimizing NNI: done in 0.102454 secs using 99.84% CPU
Optimizing NNI: done in 0.0987786 secs using 95.91% CPU
Optimizing NNI: done in 0.121456 secs using 99.95% CPU
Optimizing NNI: done in 0.139464 secs using 99.96% CPU
Optimizing NNI: done in 0.103572 secs using 99.95% CPU
Optimizing NNI: done in 0.143124 secs using 99.96% CPU
Optimizing NNI: done in 0.153379 secs using 99.96% CPU
Optimizing NNI: done in 0.130343 secs using 99.96% CPU
Optimizing NNI: done in 0.114428 secs using 96.44% CPU
Iteration 30 / LogL: -2906.560 / Time: 0h:0m:4s (0h:0m:9s left)
Optimizing NNI: done in 0.10751 secs using 99.89% CPU
Optimizing NNI: done in 0.124415 secs using 99.92% CPU
Optimizing NNI: done in 0.142284 secs using 99.9% CPU
Optimizing NNI: done in 0.114537 secs using 99.95% CPU
Optimizing NNI: done in 0.205804 secs using 99.95% CPU
Optimizing NNI: done in 0.156547 secs using 99.88% CPU
Optimizing NNI: done in 0.114107 secs using 92.95% CPU
Optimizing NNI: done in 0.111473 secs using 99.95% CPU
Optimizing NNI: done in 0.123305 secs using 96.72% CPU
Optimizing NNI: done in 0.126652 secs using 99.88% CPU
Iteration 40 / LogL: -2901.324 / Time: 0h:0m:5s (0h:0m:8s left)
Optimizing NNI: done in 0.114823 secs using 99.85% CPU
Optimizing NNI: done in 0.122825 secs using 99.85% CPU
Optimizing NNI: done in 0.171038 secs using 95.2% CPU
Optimizing NNI: done in 0.120488 secs using 99.93% CPU
Optimizing NNI: done in 0.127865 secs using 99.92% CPU
Optimizing NNI: done in 0.147967 secs using 99.88% CPU
Optimizing NNI: done in 0.114035 secs using 99.96% CPU
Optimizing NNI: done in 0.13193 secs using 96.93% CPU
Optimizing NNI: done in 0.190561 secs using 99.9% CPU
Optimizing NNI: done in 0.142696 secs using 97.15% CPU
Iteration 50 / LogL: -2902.220 / Time: 0h:0m:6s (0h:0m:7s left)
Log-likelihood cutoff on original alignment: -2936.553
Optimizing NNI: done in 0.111692 secs using 96.38% CPU
Optimizing NNI: done in 0.109718 secs using 92.67% CPU
Optimizing NNI: done in 0.0914829 secs using 99.95% CPU
Optimizing NNI: done in 0.140181 secs using 99.95% CPU
Optimizing NNI: done in 0.128222 secs using 99.96% CPU
Optimizing NNI: done in 0.0803749 secs using 99.96% CPU
Optimizing NNI: done in 0.131301 secs using 99.96% CPU
Optimizing NNI: done in 0.138832 secs using 97.08% CPU
Optimizing NNI: done in 0.197425 secs using 97.88% CPU
Optimizing NNI: done in 0.139273 secs using 96.89% CPU
Iteration 60 / LogL: -2900.727 / Time: 0h:0m:8s (0h:0m:5s left)
Optimizing NNI: done in 0.152849 secs using 92.03% CPU
Optimizing NNI: done in 0.102679 secs using 99.95% CPU
Optimizing NNI: done in 0.129344 secs using 96.86% CPU
Optimizing NNI: done in 0.15618 secs using 99.94% CPU
Optimizing NNI: done in 0.167472 secs using 99.93% CPU
Optimizing NNI: done in 0.127389 secs using 96.81% CPU
Optimizing NNI: done in 0.136541 secs using 99.95% CPU
Optimizing NNI: done in 0.194839 secs using 99.89% CPU
Optimizing NNI: done in 0.100925 secs using 99.95% CPU
Optimizing NNI: done in 0.112824 secs using 96.42% CPU
Iteration 70 / LogL: -2900.734 / Time: 0h:0m:9s (0h:0m:4s left)
Optimizing NNI: done in 0.116162 secs using 99.96% CPU
Optimizing NNI: done in 0.143699 secs using 99.86% CPU
Optimizing NNI: done in 0.139042 secs using 99.95% CPU
Optimizing NNI: done in 0.166113 secs using 99.96% CPU
Optimizing NNI: done in 0.14279 secs using 99.91% CPU
Optimizing NNI: done in 0.136801 secs using 99.96% CPU
Optimizing NNI: done in 0.153347 secs using 99.9% CPU
Optimizing NNI: done in 0.124238 secs using 99.85% CPU
Optimizing NNI: done in 0.119216 secs using 96.57% CPU
Optimizing NNI: done in 0.0986906 secs using 99.95% CPU
Iteration 80 / LogL: -2901.350 / Time: 0h:0m:11s (0h:0m:2s left)
Optimizing NNI: done in 0.143315 secs using 99.86% CPU
Optimizing NNI: done in 0.142807 secs using 99.95% CPU
Optimizing NNI: done in 0.144321 secs using 99.95% CPU
Optimizing NNI: done in 0.166756 secs using 97.56% CPU
Optimizing NNI: done in 0.137434 secs using 97.06% CPU
Optimizing NNI: done in 0.104817 secs using 99.95% CPU
Optimizing NNI: done in 0.147012 secs using 99.9% CPU
Optimizing NNI: done in 0.170834 secs using 99.94% CPU
Optimizing NNI: done in 0.119096 secs using 96.51% CPU
Optimizing NNI: done in 0.110544 secs using 99.95% CPU
Iteration 90 / LogL: -2902.282 / Time: 0h:0m:12s (0h:0m:1s left)
Optimizing NNI: done in 0.117311 secs using 93.14% CPU
Optimizing NNI: done in 0.124843 secs using 99.96% CPU
Optimizing NNI: done in 0.141141 secs using 99.93% CPU
Optimizing NNI: done in 0.130821 secs using 99.91% CPU
Optimizing NNI: done in 0.145 secs using 99.95% CPU
Optimizing NNI: done in 0.194032 secs using 95.84% CPU
Optimizing NNI: done in 0.100528 secs using 95.97% CPU
Optimizing NNI: done in 0.0738455 secs using 99.95% CPU
Optimizing NNI: done in 0.101295 secs using 99.95% CPU
Optimizing NNI: done in 0.13223 secs using 99.95% CPU
Iteration 100 / LogL: -2900.726 / Time: 0h:0m:13s (0h:0m:0s left)
Log-likelihood cutoff on original alignment: -2936.643
NOTE: Bootstrap correlation coefficient of split occurrence frequencies: 0.999
Optimizing NNI: done in 0.105942 secs using 99.94% CPU
Optimizing NNI: done in 0.128092 secs using 99.87% CPU
TREE SEARCH COMPLETED AFTER 102 ITERATIONS / Time: 0h:0m:14s

--------------------------------------------------------------------
|                    FINALIZING TREE SEARCH                        |
--------------------------------------------------------------------
Performs final model parameters optimization
Estimate model parameters (epsilon = 0.010)
1. Initial log-likelihood: -2900.724
Optimal log-likelihood: -2900.724
Gamma shape alpha: 0.370
Parameters optimization took 1 rounds (0.024 sec)
BEST SCORE FOUND : -2900.724
Creating bootstrap support values...
Split supports printed to NEXUS file glucose_6_phosphatase_Aves.fasta.splits.nex
Total tree length: 0.805

Total number of iterations: 102
CPU time used for tree search: 13.738 sec (0h:0m:13s)
Wall-clock time used for tree search: 13.911 sec (0h:0m:13s)
Total CPU time used: 13.936 sec (0h:0m:13s)
Total wall-clock time used: 14.112 sec (0h:0m:14s)

Computing bootstrap consensus tree...
Reading input file glucose_6_phosphatase_Aves.fasta.splits.nex...
20 taxa and 93 splits.
Consensus tree written to glucose_6_phosphatase_Aves.fasta.contree
Reading input trees file glucose_6_phosphatase_Aves.fasta.contree
Log-likelihood of consensus tree: -2900.725

Analysis results written to: 
  IQ-TREE report:                glucose_6_phosphatase_Aves.fasta.iqtree
  Maximum-likelihood tree:       glucose_6_phosphatase_Aves.fasta.treefile
  Likelihood distances:          glucose_6_phosphatase_Aves.fasta.mldist

Ultrafast bootstrap approximation results written to:
  Split support values:          glucose_6_phosphatase_Aves.fasta.splits.nex
  Consensus tree:                glucose_6_phosphatase_Aves.fasta.contree
  Screen log file:               glucose_6_phosphatase_Aves.fasta.log

Date and Time: Sun Mar 23 04:15:19 2025
